# JRE version: OpenJDK Runtime Environment JBR-17.0.4.1+7-469.62-jcef (17.0.4.1+7) (build 17.0.4.1+7-b469.62)
# Java VM: OpenJDK 64-Bit Server VM JBR-17.0.4.1+7-469.62-jcef (17.0.4.1+7-b469.62, mixed mode, tiered, compressed oops, compressed class ptrs, g1 gc, windows-amd64)
GC Precious Log:
 CPUs: 16 total, 16 available
 Memory: 16206M
 Large Page Support: Disabled
 NUMA Support: Disabled
 Compressed Oops: Enabled (32-bit)
 Heap Region Size: 1M
 Heap Min Capacity: 128M
 Heap Initial Capacity: 128M
 Heap Max Capacity: 1G
 Pre-touch: Disabled
 Parallel Workers: 13
 Concurrent Workers: 3
 Concurrent Refinement Workers: 13
 Periodic GC: Disabled
Heap:
 garbage-first heap   total 555008K, used 394240K [0x00000000c0000000, 0x0000000100000000)
  region size 1024K, 15 young (15360K), 8 survivors (8192K)
 Metaspace       used 42411K, committed 42688K, reserved 1089536K
  class space    used 4507K, committed 4672K, reserved 1048576K
GC Heap History (20 events):
Event: 1.805 GC heap before
{Heap before GC invocations=12 (full 0):
 garbage-first heap   total 211968K, used 164864K [0x00000000c0000000, 0x0000000100000000)
  region size 1024K, 28 young (28672K), 5 survivors (5120K)
 Metaspace       used 36993K, committed 37248K, reserved 1089536K
  class space    used 3975K, committed 4096K, reserved 1048576K
}
Event: 1.816 GC heap after
{Heap after GC invocations=13 (full 0):
 garbage-first heap   total 394240K, used 154112K [0x00000000c0000000, 0x0000000100000000)
  region size 1024K, 4 young (4096K), 4 survivors (4096K)
 Metaspace       used 36993K, committed 37248K, reserved 1089536K
  class space    used 3975K, committed 4096K, reserved 1048576K
}
Event: 1.974 GC heap before
{Heap before GC invocations=14 (full 0):
 garbage-first heap   total 394240K, used 241152K [0x00000000c0000000, 0x0000000100000000)
  region size 1024K, 89 young (91136K), 4 survivors (4096K)
 Metaspace       used 36994K, committed 37248K, reserved 1089536K
  class space    used 3974K, committed 4096K, reserved 1048576K
}
Event: 1.994 GC heap after
{Heap after GC invocations=15 (full 0):
 garbage-first heap   total 394240K, used 195189K [0x00000000c0000000, 0x0000000100000000)
  region size 1024K, 12 young (12288K), 12 survivors (12288K)
 Metaspace       used 36994K, committed 37248K, reserved 1089536K
  class space    used 3974K, committed 4096K, reserved 1048576K
}
Event: 2.096 GC heap before
{Heap before GC invocations=15 (full 0):
 garbage-first heap   total 394240K, used 266869K [0x00000000c0000000, 0x0000000100000000)
  region size 1024K, 82 young (83968K), 12 survivors (12288K)
 Metaspace       used 37000K, committed 37248K, reserved 1089536K
  class space    used 3974K, committed 4096K, reserved 1048576K
}
Event: 2.120 GC heap after
{Heap after GC invocations=16 (full 0):
 garbage-first heap   total 394240K, used 229888K [0x00000000c0000000, 0x0000000100000000)
  region size 1024K, 11 young (11264K), 11 survivors (11264K)
 Metaspace       used 37000K, committed 37248K, reserved 1089536K
  class space    used 3974K, committed 4096K, reserved 1048576K
}
Event: 2.408 GC heap before
{Heap before GC invocations=17 (full 0):
 garbage-first heap   total 457728K, used 326144K [0x00000000c0000000, 0x0000000100000000)
  region size 1024K, 69 young (70656K), 11 survivors (11264K)
 Metaspace       used 38882K, committed 39168K, reserved 1089536K
  class space    used 4173K, committed 4288K, reserved 1048576K
}
Event: 2.424 GC heap after
{Heap after GC invocations=18 (full 0):
 garbage-first heap   total 457728K, used 255488K [0x00000000c0000000, 0x0000000100000000)
  region size 1024K, 9 young (9216K), 9 survivors (9216K)
 Metaspace       used 38882K, committed 39168K, reserved 1089536K
  class space    used 4173K, committed 4288K, reserved 1048576K
}
Event: 2.498 GC heap before
{Heap before GC invocations=18 (full 0):
 garbage-first heap   total 457728K, used 268800K [0x00000000c0000000, 0x0000000100000000)
  region size 1024K, 22 young (22528K), 9 survivors (9216K)
 Metaspace       used 39459K, committed 39744K, reserved 1089536K
  class space    used 4226K, committed 4352K, reserved 1048576K
}
Event: 2.505 GC heap after
{Heap after GC invocations=19 (full 0):
 garbage-first heap   total 457728K, used 263168K [0x00000000c0000000, 0x0000000100000000)
  region size 1024K, 3 young (3072K), 3 survivors (3072K)
 Metaspace       used 39459K, committed 39744K, reserved 1089536K
  class space    used 4226K, committed 4352K, reserved 1048576K
}
Event: 2.694 GC heap before
{Heap before GC invocations=19 (full 0):
 garbage-first heap   total 457728K, used 333824K [0x00000000c0000000, 0x0000000100000000)
  region size 1024K, 72 young (73728K), 3 survivors (3072K)
 Metaspace       used 39922K, committed 40192K, reserved 1089536K
  class space    used 4254K, committed 4416K, reserved 1048576K
}
Event: 2.709 GC heap after
{Heap after GC invocations=20 (full 0):
 garbage-first heap   total 457728K, used 299620K [0x00000000c0000000, 0x0000000100000000)
  region size 1024K, 9 young (9216K), 9 survivors (9216K)
 Metaspace       used 39922K, committed 40192K, reserved 1089536K
  class space    used 4254K, committed 4416K, reserved 1048576K
}
Event: 2.830 GC heap before
{Heap before GC invocations=20 (full 0):
 garbage-first heap   total 457728K, used 352868K [0x00000000c0000000, 0x0000000100000000)
  region size 1024K, 61 young (62464K), 9 survivors (9216K)
 Metaspace       used 40064K, committed 40320K, reserved 1089536K
  class space    used 4264K, committed 4416K, reserved 1048576K
}
Event: 2.848 GC heap after
{Heap after GC invocations=21 (full 0):
 garbage-first heap   total 512000K, used 330236K [0x00000000c0000000, 0x0000000100000000)
  region size 1024K, 8 young (8192K), 8 survivors (8192K)
 Metaspace       used 40064K, committed 40320K, reserved 1089536K
  class space    used 4264K, committed 4416K, reserved 1048576K
}
Event: 2.980 GC heap before
{Heap before GC invocations=22 (full 0):
 garbage-first heap   total 555008K, used 384508K [0x00000000c0000000, 0x0000000100000000)
  region size 1024K, 67 young (68608K), 8 survivors (8192K)
 Metaspace       used 40120K, committed 40384K, reserved 1089536K
  class space    used 4267K, committed 4416K, reserved 1048576K
}
Event: 2.996 GC heap after
{Heap after GC invocations=23 (full 0):
 garbage-first heap   total 555008K, used 361472K [0x00000000c0000000, 0x0000000100000000)
  region size 1024K, 9 young (9216K), 9 survivors (9216K)
 Metaspace       used 40120K, committed 40384K, reserved 1089536K
  class space    used 4267K, committed 4416K, reserved 1048576K
}
Event: 3.031 GC heap before
{Heap before GC invocations=23 (full 0):
 garbage-first heap   total 555008K, used 379904K [0x00000000c0000000, 0x0000000100000000)
  region size 1024K, 27 young (27648K), 9 survivors (9216K)
 Metaspace       used 40131K, committed 40384K, reserved 1089536K
  class space    used 4267K, committed 4416K, reserved 1048576K
}
Event: 3.038 GC heap after
{Heap after GC invocations=24 (full 0):
 garbage-first heap   total 555008K, used 372209K [0x00000000c0000000, 0x0000000100000000)
  region size 1024K, 4 young (4096K), 4 survivors (4096K)
 Metaspace       used 40131K, committed 40384K, reserved 1089536K
  class space    used 4267K, committed 4416K, reserved 1048576K
}
Event: 3.183 GC heap before
{Heap before GC invocations=24 (full 0):
 garbage-first heap   total 555008K, used 427505K [0x00000000c0000000, 0x0000000100000000)
  region size 1024K, 58 young (59392K), 4 survivors (4096K)
 Metaspace       used 40697K, committed 40960K, reserved 1089536K
  class space    used 4316K, committed 4480K, reserved 1048576K
}
Event: 3.197 GC heap after
{Heap after GC invocations=25 (full 0):
 garbage-first heap   total 555008K, used 402432K [0x00000000c0000000, 0x0000000100000000)
  region size 1024K, 8 young (8192K), 8 survivors (8192K)
 Metaspace       used 40697K, committed 40960K, reserved 1089536K
  class space    used 4316K, committed 4480K, reserved 1048576K
}

